[2013-02-06 23:35:37] sql.INFO: SHOW COLUMNS FROM `posts` [] []
[2013-02-06 23:35:37] sql.INFO: SELECT * FROM `posts` WHERE `slug`=? LIMIT 0,1 [] []
[2013-02-06 23:35:37] sql.INFO: SELECT * FROM `posts` WHERE id < ? ORDER BY id DESC LIMIT 0,1 [] []
[2013-02-06 23:35:37] sql.INFO: SELECT * FROM `posts` WHERE id > ? ORDER BY id ASC LIMIT 0,1 [] []
[2013-02-06 23:35:37] sql.INFO: SHOW COLUMNS FROM `comments` [] []
[2013-02-06 23:35:37] sql.INFO: SELECT * FROM `comments` WHERE `post_id`=? [] []
[2013-02-06 23:35:41] sql.INFO: SHOW COLUMNS FROM `posts` [] []
[2013-02-06 23:35:41] sql.INFO: SELECT * FROM `posts` [] []
[2013-02-06 23:35:42] sql.INFO: SHOW COLUMNS FROM `posts` [] []
[2013-02-06 23:35:42] sql.INFO: SELECT * FROM `posts` WHERE `slug`=? LIMIT 0,1 [] []
[2013-02-06 23:35:42] sql.INFO: SELECT * FROM `posts` WHERE id < ? ORDER BY id DESC LIMIT 0,1 [] []
[2013-02-06 23:35:42] sql.INFO: SELECT * FROM `posts` WHERE id > ? ORDER BY id ASC LIMIT 0,1 [] []
[2013-02-06 23:35:42] sql.INFO: SHOW COLUMNS FROM `comments` [] []
[2013-02-06 23:35:42] sql.INFO: SELECT * FROM `comments` WHERE `post_id`=? [] []
[2013-02-06 23:35:58] sql.INFO: SHOW COLUMNS FROM `posts` [] []
[2013-02-06 23:35:58] sql.INFO: SELECT * FROM `posts` WHERE `slug`=? LIMIT 0,1 [] []
[2013-02-06 23:35:58] sql.INFO: SELECT * FROM `posts` WHERE id < ? ORDER BY id DESC LIMIT 0,1 [] []
[2013-02-06 23:35:58] sql.INFO: SELECT * FROM `posts` WHERE id > ? ORDER BY id ASC LIMIT 0,1 [] []
[2013-02-06 23:35:58] sql.INFO: SHOW COLUMNS FROM `comments` [] []
[2013-02-06 23:35:58] sql.INFO: SELECT * FROM `comments` WHERE `post_id`=? [] []
[2013-02-06 23:36:02] sql.INFO: SHOW COLUMNS FROM `posts` [] []
[2013-02-06 23:36:02] sql.INFO: SELECT * FROM `posts` [] []
[2013-02-06 23:36:03] sql.INFO: SHOW COLUMNS FROM `posts` [] []
[2013-02-06 23:36:03] sql.INFO: SELECT * FROM `posts` WHERE `slug`=? LIMIT 0,1 [] []
[2013-02-06 23:36:04] sql.INFO: SELECT * FROM `posts` WHERE id < ? ORDER BY id DESC LIMIT 0,1 [] []
[2013-02-06 23:36:04] sql.INFO: SELECT * FROM `posts` WHERE id > ? ORDER BY id ASC LIMIT 0,1 [] []
[2013-02-06 23:36:04] sql.INFO: SHOW COLUMNS FROM `comments` [] []
[2013-02-06 23:36:04] sql.INFO: SELECT * FROM `comments` WHERE `post_id`=? [] []
[2013-02-06 23:36:06] sql.INFO: SHOW COLUMNS FROM `posts` [] []
[2013-02-06 23:36:06] sql.INFO: SELECT * FROM `posts` [] []
[2013-02-06 23:36:08] sql.INFO: SHOW COLUMNS FROM `posts` [] []
[2013-02-06 23:36:08] sql.INFO: SELECT * FROM `posts` WHERE `slug`=? LIMIT 0,1 [] []
[2013-02-06 23:36:08] sql.INFO: SELECT * FROM `posts` WHERE id < ? ORDER BY id DESC LIMIT 0,1 [] []
[2013-02-06 23:36:08] sql.INFO: SELECT * FROM `posts` WHERE id > ? ORDER BY id ASC LIMIT 0,1 [] []
[2013-02-06 23:36:08] sql.INFO: SHOW COLUMNS FROM `comments` [] []
[2013-02-06 23:36:08] sql.INFO: SELECT * FROM `comments` WHERE `post_id`=? [] []
[2013-02-06 23:36:37] sql.INFO: SHOW COLUMNS FROM `posts` [] []
[2013-02-06 23:36:37] sql.INFO: SELECT * FROM `posts` WHERE `slug`=? LIMIT 0,1 [] []
[2013-02-06 23:36:37] sql.INFO: SELECT * FROM `posts` WHERE id < ? ORDER BY id DESC LIMIT 0,1 [] []
[2013-02-06 23:36:37] sql.INFO: SELECT * FROM `posts` WHERE id > ? ORDER BY id ASC LIMIT 0,1 [] []
[2013-02-06 23:36:37] sql.INFO: SHOW COLUMNS FROM `comments` [] []
[2013-02-06 23:36:37] sql.INFO: SELECT * FROM `comments` WHERE `post_id`=? [] []
[2013-02-06 23:36:39] sql.INFO: SHOW COLUMNS FROM `posts` [] []
[2013-02-06 23:36:39] sql.INFO: SELECT * FROM `posts` WHERE `slug`=? LIMIT 0,1 [] []
[2013-02-06 23:36:39] sql.INFO: SELECT * FROM `posts` WHERE id < ? ORDER BY id DESC LIMIT 0,1 [] []
[2013-02-06 23:36:39] sql.INFO: SELECT * FROM `posts` WHERE id > ? ORDER BY id ASC LIMIT 0,1 [] []
[2013-02-06 23:36:39] sql.INFO: SHOW COLUMNS FROM `comments` [] []
[2013-02-06 23:36:39] sql.INFO: SELECT * FROM `comments` WHERE `post_id`=? [] []
[2013-02-06 23:36:41] sql.INFO: SHOW COLUMNS FROM `posts` [] []
[2013-02-06 23:36:41] sql.INFO: SELECT * FROM `posts` WHERE `slug`=? LIMIT 0,1 [] []
[2013-02-06 23:36:41] sql.INFO: SELECT * FROM `posts` WHERE id < ? ORDER BY id DESC LIMIT 0,1 [] []
[2013-02-06 23:36:41] sql.INFO: SELECT * FROM `posts` WHERE id > ? ORDER BY id ASC LIMIT 0,1 [] []
[2013-02-06 23:36:41] sql.INFO: SHOW COLUMNS FROM `comments` [] []
[2013-02-06 23:36:41] sql.INFO: SELECT * FROM `comments` WHERE `post_id`=? [] []
[2013-02-06 23:37:51] sql.INFO: SHOW COLUMNS FROM `posts` [] []
[2013-02-06 23:37:51] sql.INFO: SELECT * FROM `posts` WHERE `slug`=? LIMIT 0,1 [] []
[2013-02-06 23:37:51] sql.INFO: SELECT * FROM `posts` WHERE id < ? ORDER BY id DESC LIMIT 0,1 [] []
[2013-02-06 23:37:51] sql.INFO: SELECT * FROM `posts` WHERE id > ? ORDER BY id ASC LIMIT 0,1 [] []
[2013-02-06 23:37:51] sql.INFO: SHOW COLUMNS FROM `comments` [] []
[2013-02-06 23:37:51] sql.INFO: SELECT * FROM `comments` WHERE `post_id`=? [] []
[2013-02-06 23:37:52] sql.INFO: SHOW COLUMNS FROM `posts` [] []
[2013-02-06 23:37:52] sql.INFO: SELECT * FROM `posts` WHERE `slug`=? LIMIT 0,1 [] []
[2013-02-06 23:37:52] sql.INFO: SELECT * FROM `posts` WHERE id < ? ORDER BY id DESC LIMIT 0,1 [] []
[2013-02-06 23:37:52] sql.INFO: SELECT * FROM `posts` WHERE id > ? ORDER BY id ASC LIMIT 0,1 [] []
[2013-02-06 23:37:52] sql.INFO: SHOW COLUMNS FROM `comments` [] []
[2013-02-06 23:37:52] sql.INFO: SELECT * FROM `comments` WHERE `post_id`=? [] []
[2013-02-06 23:39:11] sql.INFO: SHOW COLUMNS FROM `posts` [] []
[2013-02-06 23:39:11] sql.INFO: SELECT * FROM `posts` WHERE `slug`=? LIMIT 0,1 [] []
[2013-02-06 23:39:11] sql.INFO: SELECT * FROM `posts` WHERE id < ? ORDER BY id DESC LIMIT 0,1 [] []
[2013-02-06 23:39:11] sql.INFO: SELECT * FROM `posts` WHERE id > ? ORDER BY id ASC LIMIT 0,1 [] []
[2013-02-06 23:39:11] sql.INFO: SHOW COLUMNS FROM `comments` [] []
[2013-02-06 23:39:11] sql.INFO: SELECT * FROM `comments` WHERE `post_id`=? [] []
[2013-02-06 23:39:13] sql.INFO: SHOW COLUMNS FROM `posts` [] []
[2013-02-06 23:39:13] sql.INFO: SELECT * FROM `posts` WHERE `slug`=? LIMIT 0,1 [] []
[2013-02-06 23:39:13] sql.INFO: SELECT * FROM `posts` WHERE id < ? ORDER BY id DESC LIMIT 0,1 [] []
[2013-02-06 23:39:13] sql.INFO: SELECT * FROM `posts` WHERE id > ? ORDER BY id ASC LIMIT 0,1 [] []
[2013-02-06 23:39:13] sql.INFO: SHOW COLUMNS FROM `comments` [] []
[2013-02-06 23:39:13] sql.INFO: SELECT * FROM `comments` WHERE `post_id`=? [] []
[2013-02-06 23:39:17] sql.INFO: SHOW COLUMNS FROM `posts` [] []
[2013-02-06 23:39:17] sql.INFO: SELECT * FROM `posts` WHERE `slug`=? LIMIT 0,1 [] []
[2013-02-06 23:39:17] sql.INFO: SELECT * FROM `posts` WHERE id < ? ORDER BY id DESC LIMIT 0,1 [] []
[2013-02-06 23:39:17] sql.INFO: SELECT * FROM `posts` WHERE id > ? ORDER BY id ASC LIMIT 0,1 [] []
[2013-02-06 23:39:17] sql.INFO: SHOW COLUMNS FROM `comments` [] []
[2013-02-06 23:39:17] sql.INFO: SELECT * FROM `comments` WHERE `post_id`=? [] []
[2013-02-06 23:39:18] sql.INFO: SHOW COLUMNS FROM `posts` [] []
[2013-02-06 23:39:18] sql.INFO: SELECT * FROM `posts` WHERE `slug`=? LIMIT 0,1 [] []
[2013-02-06 23:39:18] sql.INFO: SELECT * FROM `posts` WHERE id < ? ORDER BY id DESC LIMIT 0,1 [] []
[2013-02-06 23:39:18] sql.INFO: SELECT * FROM `posts` WHERE id > ? ORDER BY id ASC LIMIT 0,1 [] []
[2013-02-06 23:39:18] sql.INFO: SHOW COLUMNS FROM `comments` [] []
[2013-02-06 23:39:18] sql.INFO: SELECT * FROM `comments` WHERE `post_id`=? [] []
[2013-02-06 23:39:19] sql.INFO: SHOW COLUMNS FROM `posts` [] []
[2013-02-06 23:39:19] sql.INFO: SELECT * FROM `posts` WHERE `slug`=? LIMIT 0,1 [] []
[2013-02-06 23:39:19] sql.INFO: SELECT * FROM `posts` WHERE id < ? ORDER BY id DESC LIMIT 0,1 [] []
[2013-02-06 23:39:19] sql.INFO: SELECT * FROM `posts` WHERE id > ? ORDER BY id ASC LIMIT 0,1 [] []
[2013-02-06 23:39:19] sql.INFO: SHOW COLUMNS FROM `comments` [] []
[2013-02-06 23:39:19] sql.INFO: SELECT * FROM `comments` WHERE `post_id`=? [] []
[2013-02-06 23:40:36] sql.INFO: SHOW COLUMNS FROM `posts` [] []
[2013-02-06 23:40:36] sql.INFO: SELECT * FROM `posts` WHERE `slug`=? LIMIT 0,1 [] []
[2013-02-06 23:40:36] sql.INFO: SELECT * FROM `posts` WHERE id < ? ORDER BY id DESC LIMIT 0,1 [] []
[2013-02-06 23:40:36] sql.INFO: SELECT * FROM `posts` WHERE id > ? ORDER BY id ASC LIMIT 0,1 [] []
[2013-02-06 23:40:36] sql.INFO: SHOW COLUMNS FROM `comments` [] []
[2013-02-06 23:40:36] sql.INFO: SELECT * FROM `comments` WHERE `post_id`=? [] []
[2013-02-06 23:40:38] sql.INFO: SHOW COLUMNS FROM `posts` [] []
[2013-02-06 23:40:38] sql.INFO: SELECT * FROM `posts` WHERE `slug`=? LIMIT 0,1 [] []
[2013-02-06 23:40:38] sql.INFO: SELECT * FROM `posts` WHERE id < ? ORDER BY id DESC LIMIT 0,1 [] []
[2013-02-06 23:40:38] sql.INFO: SELECT * FROM `posts` WHERE id > ? ORDER BY id ASC LIMIT 0,1 [] []
[2013-02-06 23:40:38] sql.INFO: SHOW COLUMNS FROM `comments` [] []
[2013-02-06 23:40:38] sql.INFO: SELECT * FROM `comments` WHERE `post_id`=? [] []
[2013-02-06 23:40:39] sql.INFO: SHOW COLUMNS FROM `posts` [] []
[2013-02-06 23:40:40] sql.INFO: SELECT * FROM `posts` WHERE `slug`=? LIMIT 0,1 [] []
[2013-02-06 23:40:40] sql.INFO: SELECT * FROM `posts` WHERE id < ? ORDER BY id DESC LIMIT 0,1 [] []
[2013-02-06 23:40:40] sql.INFO: SELECT * FROM `posts` WHERE id > ? ORDER BY id ASC LIMIT 0,1 [] []
[2013-02-06 23:40:40] sql.INFO: SHOW COLUMNS FROM `comments` [] []
[2013-02-06 23:40:40] sql.INFO: SELECT * FROM `comments` WHERE `post_id`=? [] []
[2013-02-06 23:40:40] sql.INFO: SHOW COLUMNS FROM `posts` [] []
[2013-02-06 23:40:40] sql.INFO: SELECT * FROM `posts` WHERE `slug`=? LIMIT 0,1 [] []
[2013-02-06 23:40:40] sql.INFO: SELECT * FROM `posts` WHERE id < ? ORDER BY id DESC LIMIT 0,1 [] []
[2013-02-06 23:40:40] sql.INFO: SELECT * FROM `posts` WHERE id > ? ORDER BY id ASC LIMIT 0,1 [] []
[2013-02-06 23:40:41] sql.INFO: SHOW COLUMNS FROM `comments` [] []
[2013-02-06 23:40:41] sql.INFO: SELECT * FROM `comments` WHERE `post_id`=? [] []
[2013-02-06 23:40:41] sql.INFO: SHOW COLUMNS FROM `posts` [] []
[2013-02-06 23:40:41] sql.INFO: SELECT * FROM `posts` WHERE `slug`=? LIMIT 0,1 [] []
[2013-02-06 23:40:41] sql.INFO: SELECT * FROM `posts` WHERE id < ? ORDER BY id DESC LIMIT 0,1 [] []
[2013-02-06 23:40:41] sql.INFO: SELECT * FROM `posts` WHERE id > ? ORDER BY id ASC LIMIT 0,1 [] []
[2013-02-06 23:40:41] sql.INFO: SHOW COLUMNS FROM `comments` [] []
[2013-02-06 23:40:41] sql.INFO: SELECT * FROM `comments` WHERE `post_id`=? [] []
[2013-02-06 23:41:07] sql.INFO: SHOW COLUMNS FROM `posts` [] []
[2013-02-06 23:41:07] sql.INFO: SELECT * FROM `posts` WHERE `slug`=? LIMIT 0,1 [] []
[2013-02-06 23:41:07] sql.INFO: SELECT * FROM `posts` WHERE id < ? ORDER BY id DESC LIMIT 0,1 [] []
[2013-02-06 23:41:07] sql.INFO: SELECT * FROM `posts` WHERE id > ? ORDER BY id ASC LIMIT 0,1 [] []
[2013-02-06 23:41:07] sql.INFO: SHOW COLUMNS FROM `comments` [] []
[2013-02-06 23:41:07] sql.INFO: SELECT * FROM `comments` WHERE `post_id`=? [] []
[2013-02-06 23:41:08] sql.INFO: SHOW COLUMNS FROM `posts` [] []
[2013-02-06 23:41:08] sql.INFO: SELECT * FROM `posts` WHERE `slug`=? LIMIT 0,1 [] []
[2013-02-06 23:41:08] sql.INFO: SELECT * FROM `posts` WHERE id < ? ORDER BY id DESC LIMIT 0,1 [] []
[2013-02-06 23:41:08] sql.INFO: SELECT * FROM `posts` WHERE id > ? ORDER BY id ASC LIMIT 0,1 [] []
[2013-02-06 23:41:08] sql.INFO: SHOW COLUMNS FROM `comments` [] []
[2013-02-06 23:41:08] sql.INFO: SELECT * FROM `comments` WHERE `post_id`=? [] []
[2013-02-06 23:41:10] sql.INFO: SHOW COLUMNS FROM `posts` [] []
[2013-02-06 23:41:10] sql.INFO: SELECT * FROM `posts` WHERE `slug`=? LIMIT 0,1 [] []
[2013-02-06 23:41:10] sql.INFO: SELECT * FROM `posts` WHERE id < ? ORDER BY id DESC LIMIT 0,1 [] []
[2013-02-06 23:41:10] sql.INFO: SELECT * FROM `posts` WHERE id > ? ORDER BY id ASC LIMIT 0,1 [] []
[2013-02-06 23:41:10] sql.INFO: SHOW COLUMNS FROM `comments` [] []
[2013-02-06 23:41:10] sql.INFO: SELECT * FROM `comments` WHERE `post_id`=? [] []
[2013-02-06 23:41:16] sql.INFO: SHOW COLUMNS FROM `posts` [] []
[2013-02-06 23:41:16] sql.INFO: SELECT * FROM `posts` WHERE `slug`=? LIMIT 0,1 [] []
[2013-02-06 23:41:16] sql.INFO: SELECT * FROM `posts` WHERE id < ? ORDER BY id DESC LIMIT 0,1 [] []
[2013-02-06 23:41:16] sql.INFO: SELECT * FROM `posts` WHERE id > ? ORDER BY id ASC LIMIT 0,1 [] []
[2013-02-06 23:41:16] sql.INFO: SHOW COLUMNS FROM `comments` [] []
[2013-02-06 23:41:16] sql.INFO: SELECT * FROM `comments` WHERE `post_id`=? [] []
[2013-02-06 23:41:18] sql.INFO: SHOW COLUMNS FROM `posts` [] []
[2013-02-06 23:41:18] sql.INFO: SELECT * FROM `posts` WHERE `slug`=? LIMIT 0,1 [] []
[2013-02-06 23:41:18] sql.INFO: SELECT * FROM `posts` WHERE id < ? ORDER BY id DESC LIMIT 0,1 [] []
[2013-02-06 23:41:18] sql.INFO: SELECT * FROM `posts` WHERE id > ? ORDER BY id ASC LIMIT 0,1 [] []
[2013-02-06 23:41:18] sql.INFO: SHOW COLUMNS FROM `comments` [] []
[2013-02-06 23:41:18] sql.INFO: SELECT * FROM `comments` WHERE `post_id`=? [] []
[2013-02-06 23:41:19] sql.INFO: SHOW COLUMNS FROM `posts` [] []
[2013-02-06 23:41:19] sql.INFO: SELECT * FROM `posts` WHERE `slug`=? LIMIT 0,1 [] []
[2013-02-06 23:41:19] sql.INFO: SELECT * FROM `posts` WHERE id < ? ORDER BY id DESC LIMIT 0,1 [] []
[2013-02-06 23:41:19] sql.INFO: SELECT * FROM `posts` WHERE id > ? ORDER BY id ASC LIMIT 0,1 [] []
[2013-02-06 23:41:19] sql.INFO: SHOW COLUMNS FROM `comments` [] []
[2013-02-06 23:41:20] sql.INFO: SELECT * FROM `comments` WHERE `post_id`=? [] []
[2013-02-06 23:41:21] sql.INFO: SHOW COLUMNS FROM `posts` [] []
[2013-02-06 23:41:21] sql.INFO: SELECT * FROM `posts` WHERE `slug`=? LIMIT 0,1 [] []
[2013-02-06 23:41:21] sql.INFO: SELECT * FROM `posts` WHERE id < ? ORDER BY id DESC LIMIT 0,1 [] []
[2013-02-06 23:41:21] sql.INFO: SELECT * FROM `posts` WHERE id > ? ORDER BY id ASC LIMIT 0,1 [] []
[2013-02-06 23:41:21] sql.INFO: SHOW COLUMNS FROM `comments` [] []
[2013-02-06 23:41:21] sql.INFO: SELECT * FROM `comments` WHERE `post_id`=? [] []
[2013-02-06 23:41:37] sql.INFO: SHOW COLUMNS FROM `posts` [] []
[2013-02-06 23:41:37] sql.INFO: SELECT * FROM `posts` WHERE `slug`=? LIMIT 0,1 [] []
[2013-02-06 23:41:37] sql.INFO: SELECT * FROM `posts` WHERE id < ? ORDER BY id DESC LIMIT 0,1 [] []
[2013-02-06 23:41:37] sql.INFO: SELECT * FROM `posts` WHERE id > ? ORDER BY id ASC LIMIT 0,1 [] []
[2013-02-06 23:41:37] sql.INFO: SHOW COLUMNS FROM `comments` [] []
[2013-02-06 23:41:37] sql.INFO: SELECT * FROM `comments` WHERE `post_id`=? [] []
[2013-02-06 23:41:39] sql.INFO: SHOW COLUMNS FROM `posts` [] []
[2013-02-06 23:41:39] sql.INFO: SELECT * FROM `posts` WHERE `slug`=? LIMIT 0,1 [] []
[2013-02-06 23:41:39] sql.INFO: SELECT * FROM `posts` WHERE id < ? ORDER BY id DESC LIMIT 0,1 [] []
[2013-02-06 23:41:39] sql.INFO: SELECT * FROM `posts` WHERE id > ? ORDER BY id ASC LIMIT 0,1 [] []
[2013-02-06 23:41:39] sql.INFO: SHOW COLUMNS FROM `comments` [] []
[2013-02-06 23:41:39] sql.INFO: SELECT * FROM `comments` WHERE `post_id`=? [] []
[2013-02-06 23:41:41] sql.INFO: SHOW COLUMNS FROM `posts` [] []
[2013-02-06 23:41:41] sql.INFO: SELECT * FROM `posts` WHERE `slug`=? LIMIT 0,1 [] []
[2013-02-06 23:41:41] sql.INFO: SELECT * FROM `posts` WHERE id < ? ORDER BY id DESC LIMIT 0,1 [] []
[2013-02-06 23:41:41] sql.INFO: SELECT * FROM `posts` WHERE id > ? ORDER BY id ASC LIMIT 0,1 [] []
[2013-02-06 23:41:41] sql.INFO: SHOW COLUMNS FROM `comments` [] []
[2013-02-06 23:41:41] sql.INFO: SELECT * FROM `comments` WHERE `post_id`=? [] []
[2013-02-06 23:41:43] sql.INFO: SHOW COLUMNS FROM `posts` [] []
[2013-02-06 23:41:43] sql.INFO: SELECT * FROM `posts` WHERE `slug`=? LIMIT 0,1 [] []
[2013-02-06 23:41:43] sql.INFO: SELECT * FROM `posts` WHERE id < ? ORDER BY id DESC LIMIT 0,1 [] []
[2013-02-06 23:41:43] sql.INFO: SELECT * FROM `posts` WHERE id > ? ORDER BY id ASC LIMIT 0,1 [] []
[2013-02-06 23:41:43] sql.INFO: SHOW COLUMNS FROM `comments` [] []
[2013-02-06 23:41:43] sql.INFO: SELECT * FROM `comments` WHERE `post_id`=? [] []
